Project-2---Ecommerce-Mobile-App-master/app/build/outputs/logs/manifest-merger-debug-report.txt
-- Merging decision tree log ---
manifest
ADDED from src\main\AndroidManifest.xml:2:1-32:12
	package
		ADDED from src\main\AndroidManifest.xml:3:5-69
		INJECTED from src\main\AndroidManifest.xml
		INJECTED from src\main\AndroidManifest.xml
	android:versionName
		INJECTED from src\main\AndroidManifest.xml
		INJECTED from src\main\AndroidManifest.xml
	xmlns:android
		ADDED from src\main\AndroidManifest.xml:2:11-69
	android:versionCode
		INJECTED from src\main\AndroidManifest.xml
		INJECTED from src\main\AndroidManifest.xml
application
ADDED from src\main\AndroidManifest.xml:5:5-30:19
MERGED from [com.android.support:appcompat-v7:24.1.0] AndroidManifest.xml:25:5-20
MERGED from [com.android.support:animated-vector-drawable:24.1.0] AndroidManifest.xml:22:5-20
MERGED from [com.android.support:support-vector-drawable:24.1.0] AndroidManifest.xml:23:5-20
MERGED from [com.android.support:support-v4:24.1.0] AndroidManifest.xml:25:5-20
MERGED from [com.android.support:support-v4:24.1.0] AndroidManifest.xml:25:5-20
MERGED from [com.android.support:support-vector-drawable:24.1.0] AndroidManifest.xml:23:5-20
MERGED from [com.android.support:support-v4:24.1.0] AndroidManifest.xml:25:5-20
MERGED from [com.android.support:design:24.1.0] AndroidManifest.xml:22:5-20
MERGED from [com.android.support:appcompat-v7:24.1.0] AndroidManifest.xml:25:5-20
MERGED from [com.android.support:animated-vector-drawable:24.1.0] AndroidManifest.xml:22:5-20
MERGED from [com.android.support:support-vector-drawable:24.1.0] AndroidManifest.xml:23:5-20
MERGED from [com.android.support:support-v4:24.1.0] AndroidManifest.xml:25:5-20
MERGED from [com.android.support:support-v4:24.1.0] AndroidManifest.xml:25:5-20
MERGED from [com.android.support:support-vector-drawable:24.1.0] AndroidManifest.xml:23:5-20
MERGED from [com.android.support:support-v4:24.1.0] AndroidManifest.xml:25:5-20
MERGED from [com.android.support:support-v4:24.1.0] AndroidManifest.xml:25:5-20
MERGED from [com.android.support:support-v4:24.1.0] AndroidManifest.xml:25:5-20
MERGED from [com.android.support:cardview-v7:24.1.0] AndroidManifest.xml:22:5-20
MERGED from [com.android.support:support-v4:24.1.0] AndroidManifest.xml:25:5-20
	android:label
		ADDED from src\main\AndroidManifest.xml:8:9-41
	android:supportsRtl
		ADDED from src\main\AndroidManifest.xml:9:9-35
	android:allowBackup
		ADDED from src\main\AndroidManifest.xml:6:9-35
	android:icon
		ADDED from src\main\AndroidManifest.xml:7:9-43
	android:theme
		ADDED from src\main\AndroidManifest.xml:10:9-40
activity#com.example.roosevelt.project_2___ecommerce_mobile_app.MainActivity
ADDED from src\main\AndroidManifest.xml:11:9-26:20
	android:label
		ADDED from src\main\AndroidManifest.xml:13:13-45
	android:launchMode
		ADDED from src\main\AndroidManifest.xml:14:13-43
	android:theme
		ADDED from src\main\AndroidManifest.xml:15:13-56
	android:name
		ADDED from src\main\AndroidManifest.xml:12:13-95
meta-data#android.app.searchable
ADDED from src\main\AndroidManifest.xml:16:13-18:54
	android:resource
		ADDED from src\main\AndroidManifest.xml:18:17-51
	android:name
		ADDED from src\main\AndroidManifest.xml:17:17-54
intent-filter#android.intent.action.MAIN+android.intent.action.SEARCH+android.intent.category.LAUNCHER
ADDED from src\main\AndroidManifest.xml:20:13-25:29
action#android.intent.action.MAIN
ADDED from src\main\AndroidManifest.xml:21:17-69
	android:name
		ADDED from src\main\AndroidManifest.xml:21:25-66
action#android.intent.action.SEARCH
ADDED from src\main\AndroidManifest.xml:22:17-71
	android:name
		ADDED from src\main\AndroidManifest.xml:22:25-68
category#android.intent.category.LAUNCHER
ADDED from src\main\AndroidManifest.xml:24:17-77
	android:name
		ADDED from src\main\AndroidManifest.xml:24:27-74
activity#com.example.roosevelt.project_2___ecommerce_mobile_app.FoodDetailActivity
ADDED from src\main\AndroidManifest.xml:27:9-119
	android:name
		ADDED from src\main\AndroidManifest.xml:27:19-107
activity#com.example.roosevelt.project_2___ecommerce_mobile_app.BasketActivity
ADDED from src\main\AndroidManifest.xml:28:9-29:121
	android:parentActivityName
		ADDED from src\main\AndroidManifest.xml:29:13-109
	android:name
		ADDED from src\main\AndroidManifest.xml:28:19-103
uses-sdk
INJECTED from src\main\AndroidManifest.xml reason: use-sdk injection requested
MERGED from [com.android.support:appcompat-v7:24.1.0] AndroidManifest.xml:21:5-23:78
MERGED from [com.android.support:animated-vector-drawable:24.1.0] AndroidManifest.xml:20:5-44
MERGED from [com.android.support:support-vector-drawable:24.1.0] AndroidManifest.xml:21:5-43
MERGED from [com.android.support:support-v4:24.1.0] AndroidManifest.xml:21:5-23:54
MERGED from [com.android.support:support-v4:24.1.0] AndroidManifest.xml:21:5-23:54
MERGED from [com.android.support:support-vector-drawable:24.1.0] AndroidManifest.xml:21:5-43
MERGED from [com.android.support:support-v4:24.1.0] AndroidManifest.xml:21:5-23:54
MERGED from [com.android.support:design:24.1.0] AndroidManifest.xml:20:5-43
MERGED from [com.android.support:appcompat-v7:24.1.0] AndroidManifest.xml:21:5-23:78
MERGED from [com.android.support:animated-vector-drawable:24.1.0] AndroidManifest.xml:20:5-44
MERGED from [com.android.support:support-vector-drawable:24.1.0] AndroidManifest.xml:21:5-43
MERGED from [com.android.support:support-v4:24.1.0] AndroidManifest.xml:21:5-23:54
MERGED from [com.android.support:support-v4:24.1.0] AndroidManifest.xml:21:5-23:54
MERGED from [com.android.support:support-vector-drawable:24.1.0] AndroidManifest.xml:21:5-43
MERGED from [com.android.support:support-v4:24.1.0] AndroidManifest.xml:21:5-23:54
MERGED from [com.android.support:support-v4:24.1.0] AndroidManifest.xml:21:5-23:54
MERGED from [com.android.support:recyclerview-v7:24.1.0] AndroidManifest.xml:20:5-43
MERGED from [com.android.support:support-v4:24.1.0] AndroidManifest.xml:21:5-23:54
MERGED from [com.android.support:cardview-v7:24.1.0] AndroidManifest.xml:20:5-43
MERGED from [com.android.support:recyclerview-v7:24.1.0] AndroidManifest.xml:20:5-43
MERGED from [com.android.support:support-v4:24.1.0] AndroidManifest.xml:21:5-23:54
	tools:overrideLibrary
		ADDED from [com.android.support:appcompat-v7:24.1.0] AndroidManifest.xml:23:9-75
	android:targetSdkVersion
		INJECTED from src\main\AndroidManifest.xml
		INJECTED from src\main\AndroidManifest.xml
	android:minSdkVersion
		INJECTED from src\main\AndroidManifest.xml
		INJECTED from src\main\AndroidManifest.xml